# JRE version: OpenJDK Runtime Environment (8.0_212-b04) (build 1.8.0_212-release-1586-b04)
# Java VM: OpenJDK 64-Bit Server VM (25.212-b04 mixed mode windows-amd64 compressed oops)
Heap:
 PSYoungGen      total 430080K, used 23057K [0x00000000e0000000, 0x00000000ff280000, 0x0000000100000000)
  eden space 349696K, 0% used [0x00000000e0000000,0x00000000e0000000,0x00000000f5580000)
  from space 80384K, 28% used [0x00000000f5580000,0x00000000f6c045b0,0x00000000fa400000)
  to   space 74752K, 0% used [0x00000000fa980000,0x00000000fa980000,0x00000000ff280000)
 ParOldGen       total 545792K, used 527755K [0x00000000a0000000, 0x00000000c1500000, 0x00000000e0000000)
  object space 545792K, 96% used [0x00000000a0000000,0x00000000c0362c20,0x00000000c1500000)
 Metaspace       used 206995K, capacity 225906K, committed 226176K, reserved 1245184K
  class space    used 26756K, capacity 30227K, committed 30336K, reserved 1048576K
GC Heap History (10 events):
Event: 6869.240 GC heap after
Heap after GC invocations=145 (full 6):
 PSYoungGen      total 417280K, used 23957K [0x00000000e0000000, 0x00000000ff580000, 0x0000000100000000)
  eden space 320512K, 0% used [0x00000000e0000000,0x00000000e0000000,0x00000000f3900000)
  from space 96768K, 24% used [0x00000000f3900000,0x00000000f5065450,0x00000000f9780000)
  to   space 90624K, 0% used [0x00000000f9d00000,0x00000000f9d00000,0x00000000ff580000)
 ParOldGen       total 545792K, used 484010K [0x00000000a0000000, 0x00000000c1500000, 0x00000000e0000000)
  object space 545792K, 88% used [0x00000000a0000000,0x00000000bd8aa930,0x00000000c1500000)
 Metaspace       used 204871K, capacity 222604K, committed 222848K, reserved 1243136K
  class space    used 26439K, capacity 29772K, committed 29824K, reserved 1048576K
}
Event: 6869.688 GC heap before
{Heap before GC invocations=146 (full 6):
 PSYoungGen      total 417280K, used 344469K [0x00000000e0000000, 0x00000000ff580000, 0x0000000100000000)
  eden space 320512K, 100% used [0x00000000e0000000,0x00000000f3900000,0x00000000f3900000)
  from space 96768K, 24% used [0x00000000f3900000,0x00000000f5065450,0x00000000f9780000)
  to   space 90624K, 0% used [0x00000000f9d00000,0x00000000f9d00000,0x00000000ff580000)
 ParOldGen       total 545792K, used 484010K [0x00000000a0000000, 0x00000000c1500000, 0x00000000e0000000)
  object space 545792K, 88% used [0x00000000a0000000,0x00000000bd8aa930,0x00000000c1500000)
 Metaspace       used 204878K, capacity 222604K, committed 222848K, reserved 1243136K
  class space    used 26439K, capacity 29772K, committed 29824K, reserved 1048576K
Event: 6869.698 GC heap after
Heap after GC invocations=146 (full 6):
 PSYoungGen      total 424960K, used 6106K [0x00000000e0000000, 0x00000000ff500000, 0x0000000100000000)
  eden space 334848K, 0% used [0x00000000e0000000,0x00000000e0000000,0x00000000f4700000)
  from space 90112K, 6% used [0x00000000f9d00000,0x00000000fa2f6ae0,0x00000000ff500000)
  to   space 88064K, 0% used [0x00000000f4700000,0x00000000f4700000,0x00000000f9d00000)
 ParOldGen       total 545792K, used 499325K [0x00000000a0000000, 0x00000000c1500000, 0x00000000e0000000)
  object space 545792K, 91% used [0x00000000a0000000,0x00000000be79f5f8,0x00000000c1500000)
 Metaspace       used 204878K, capacity 222604K, committed 222848K, reserved 1243136K
  class space    used 26439K, capacity 29772K, committed 29824K, reserved 1048576K
}
Event: 6959.638 GC heap before
{Heap before GC invocations=147 (full 6):
 PSYoungGen      total 424960K, used 340954K [0x00000000e0000000, 0x00000000ff500000, 0x0000000100000000)
  eden space 334848K, 100% used [0x00000000e0000000,0x00000000f4700000,0x00000000f4700000)
  from space 90112K, 6% used [0x00000000f9d00000,0x00000000fa2f6ae0,0x00000000ff500000)
  to   space 88064K, 0% used [0x00000000f4700000,0x00000000f4700000,0x00000000f9d00000)
 ParOldGen       total 545792K, used 499325K [0x00000000a0000000, 0x00000000c1500000, 0x00000000e0000000)
  object space 545792K, 91% used [0x00000000a0000000,0x00000000be79f5f8,0x00000000c1500000)
 Metaspace       used 206236K, capacity 224468K, committed 224640K, reserved 1243136K
  class space    used 26630K, capacity 30025K, committed 30080K, reserved 1048576K
Event: 6959.649 GC heap after
Heap after GC invocations=147 (full 6):
 PSYoungGen      total 422912K, used 16407K [0x00000000e0000000, 0x00000000ff600000, 0x0000000100000000)
  eden space 334848K, 0% used [0x00000000e0000000,0x00000000e0000000,0x00000000f4700000)
  from space 88064K, 18% used [0x00000000f4700000,0x00000000f5705f00,0x00000000f9d00000)
  to   space 83968K, 0% used [0x00000000fa400000,0x00000000fa400000,0x00000000ff600000)
 ParOldGen       total 545792K, used 503250K [0x00000000a0000000, 0x00000000c1500000, 0x00000000e0000000)
  object space 545792K, 92% used [0x00000000a0000000,0x00000000beb74ba0,0x00000000c1500000)
 Metaspace       used 206236K, capacity 224468K, committed 224640K, reserved 1243136K
  class space    used 26630K, capacity 30025K, committed 30080K, reserved 1048576K
}
Event: 7038.235 GC heap before
{Heap before GC invocations=148 (full 6):
 PSYoungGen      total 422912K, used 351255K [0x00000000e0000000, 0x00000000ff600000, 0x0000000100000000)
  eden space 334848K, 100% used [0x00000000e0000000,0x00000000f4700000,0x00000000f4700000)
  from space 88064K, 18% used [0x00000000f4700000,0x00000000f5705f00,0x00000000f9d00000)
  to   space 83968K, 0% used [0x00000000fa400000,0x00000000fa400000,0x00000000ff600000)
 ParOldGen       total 545792K, used 503250K [0x00000000a0000000, 0x00000000c1500000, 0x00000000e0000000)
  object space 545792K, 92% used [0x00000000a0000000,0x00000000beb74ba0,0x00000000c1500000)
 Metaspace       used 206885K, capacity 225736K, committed 225920K, reserved 1245184K
  class space    used 26746K, capacity 30210K, committed 30336K, reserved 1048576K
Event: 7038.247 GC heap after
Heap after GC invocations=148 (full 6):
 PSYoungGen      total 432640K, used 11216K [0x00000000e0000000, 0x00000000ff500000, 0x0000000100000000)
  eden space 349696K, 0% used [0x00000000e0000000,0x00000000e0000000,0x00000000f5580000)
  from space 82944K, 13% used [0x00000000fa400000,0x00000000faef4010,0x00000000ff500000)
  to   space 80384K, 0% used [0x00000000f5580000,0x00000000f5580000,0x00000000fa400000)
 ParOldGen       total 545792K, used 517644K [0x00000000a0000000, 0x00000000c1500000, 0x00000000e0000000)
  object space 545792K, 94% used [0x00000000a0000000,0x00000000bf983368,0x00000000c1500000)
 Metaspace       used 206885K, capacity 225736K, committed 225920K, reserved 1245184K
  class space    used 26746K, capacity 30210K, committed 30336K, reserved 1048576K
}
Event: 7041.186 GC heap before
{Heap before GC invocations=149 (full 6):
 PSYoungGen      total 432640K, used 360912K [0x00000000e0000000, 0x00000000ff500000, 0x0000000100000000)
  eden space 349696K, 100% used [0x00000000e0000000,0x00000000f5580000,0x00000000f5580000)
  from space 82944K, 13% used [0x00000000fa400000,0x00000000faef4010,0x00000000ff500000)
  to   space 80384K, 0% used [0x00000000f5580000,0x00000000f5580000,0x00000000fa400000)
 ParOldGen       total 545792K, used 517644K [0x00000000a0000000, 0x00000000c1500000, 0x00000000e0000000)
  object space 545792K, 94% used [0x00000000a0000000,0x00000000bf983368,0x00000000c1500000)
 Metaspace       used 206995K, capacity 225906K, committed 226176K, reserved 1245184K
  class space    used 26756K, capacity 30227K, committed 30336K, reserved 1048576K
Event: 7041.198 GC heap after
Heap after GC invocations=149 (full 6):
 PSYoungGen      total 430080K, used 23057K [0x00000000e0000000, 0x00000000ff280000, 0x0000000100000000)
  eden space 349696K, 0% used [0x00000000e0000000,0x00000000e0000000,0x00000000f5580000)
  from space 80384K, 28% used [0x00000000f5580000,0x00000000f6c045b0,0x00000000fa400000)
  to   space 74752K, 0% used [0x00000000fa980000,0x00000000fa980000,0x00000000ff280000)
 ParOldGen       total 545792K, used 527755K [0x00000000a0000000, 0x00000000c1500000, 0x00000000e0000000)
  object space 545792K, 96% used [0x00000000a0000000,0x00000000c0362c20,0x00000000c1500000)
 Metaspace       used 206995K, capacity 225906K, committed 226176K, reserved 1245184K
  class space    used 26756K, capacity 30227K, committed 30336K, reserved 1048576K
}
Event: 7041.198 GC heap before
{Heap before GC invocations=150 (full 7):
 PSYoungGen      total 430080K, used 23057K [0x00000000e0000000, 0x00000000ff280000, 0x0000000100000000)
  eden space 349696K, 0% used [0x00000000e0000000,0x00000000e0000000,0x00000000f5580000)
  from space 80384K, 28% used [0x00000000f5580000,0x00000000f6c045b0,0x00000000fa400000)
  to   space 74752K, 0% used [0x00000000fa980000,0x00000000fa980000,0x00000000ff280000)
 ParOldGen       total 545792K, used 527755K [0x00000000a0000000, 0x00000000c1500000, 0x00000000e0000000)
  object space 545792K, 96% used [0x00000000a0000000,0x00000000c0362c20,0x00000000c1500000)
 Metaspace       used 206995K, capacity 225906K, committed 226176K, reserved 1245184K
  class space    used 26756K, capacity 30227K, committed 30336K, reserved 1048576K

